  practica4_conjerarquia.cpp
C:\Users\jesus\Documents\Compu grafica\Practicas\Practica4\Practica4\Practica4\Window.h(12,36): warning C4244: 'return': conversión de 'GLint' a 'GLfloat'; posible pérdida de datos
  (compilando archivo de origen "practica4_conjerarquia.cpp")
  
C:\Users\jesus\Documents\Compu grafica\Practicas\Practica4\Practica4\Practica4\Window.h(13,37): warning C4244: 'return': conversión de 'GLint' a 'GLfloat'; posible pérdida de datos
  (compilando archivo de origen "practica4_conjerarquia.cpp")
  
C:\Users\jesus\Documents\Compu grafica\Practicas\Practica4\Practica4\Practica4\practica4_conjerarquia.cpp(28,36): warning C4305: 'inicializando': truncamiento de 'double' a 'float'
C:\Users\jesus\Documents\Compu grafica\Practicas\Practica4\Practica4\Practica4\practica4_conjerarquia.cpp(191,16): warning C4018: '<': no coinciden signed/unsigned
C:\Users\jesus\Documents\Compu grafica\Practicas\Practica4\Practica4\Practica4\practica4_conjerarquia.cpp(233,32): warning C4244: 'argumento': conversión de 'double' a '_Ty'; posible pérdida de datos
C:\Users\jesus\Documents\Compu grafica\Practicas\Practica4\Practica4\Practica4\practica4_conjerarquia.cpp(233,32): warning C4244:         with
C:\Users\jesus\Documents\Compu grafica\Practicas\Practica4\Practica4\Practica4\practica4_conjerarquia.cpp(233,32): warning C4244:         [
C:\Users\jesus\Documents\Compu grafica\Practicas\Practica4\Practica4\Practica4\practica4_conjerarquia.cpp(233,32): warning C4244:             _Ty=GLfloat
C:\Users\jesus\Documents\Compu grafica\Practicas\Practica4\Practica4\Practica4\practica4_conjerarquia.cpp(233,32): warning C4244:         ]
C:\Users\jesus\Documents\Compu grafica\Practicas\Practica4\Practica4\Practica4\practica4_conjerarquia.cpp(235,32): warning C4244: 'argumento': conversión de 'double' a '_Ty'; posible pérdida de datos
C:\Users\jesus\Documents\Compu grafica\Practicas\Practica4\Practica4\Practica4\practica4_conjerarquia.cpp(235,32): warning C4244:         with
C:\Users\jesus\Documents\Compu grafica\Practicas\Practica4\Practica4\Practica4\practica4_conjerarquia.cpp(235,32): warning C4244:         [
C:\Users\jesus\Documents\Compu grafica\Practicas\Practica4\Practica4\Practica4\practica4_conjerarquia.cpp(235,32): warning C4244:             _Ty=GLfloat
C:\Users\jesus\Documents\Compu grafica\Practicas\Practica4\Practica4\Practica4\practica4_conjerarquia.cpp(235,32): warning C4244:         ]
C:\Users\jesus\Documents\Compu grafica\Practicas\Practica4\Practica4\Practica4\practica4_conjerarquia.cpp(326,15): warning C4244: 'inicializando': conversión de 'double' a 'GLfloat'; posible pérdida de datos
C:\Users\jesus\Documents\Compu grafica\Practicas\Practica4\Practica4\Practica4\practica4_conjerarquia.cpp(328,33): warning C4244: '+=': conversión de 'double' a 'GLfloat'; posible pérdida de datos
  Practica4.vcxproj -> C:\Users\jesus\Documents\Compu grafica\Practicas\Practica4\Practica4\Debug\Practica4.exe
